<?xml version="1.0" encoding="UTF-8"?>
<testsuite name="com.example.trabalho3.MainTest" tests="1" skipped="0" failures="0" errors="0" timestamp="2023-03-04T16:33:08" hostname="LAPTOP-FK883UTG" time="0.036">
  <properties/>
  <testcase name="testOutrasFuncoes()" classname="com.example.trabalho3.MainTest" time="0.036"/>
  <system-out><![CDATA[]]></system-out>
  <system-err><![CDATA[]]></system-err>
</testsuite>
